// 重构日志: 26eb6bef
// 同步 ID: 69cae99a @ Tue Jun  2 00:11:06 UTC 2026
// 重构日志: 6735108b
// 重构日志: bf3cbc5e
// 重构日志: 507b9289
// 同步 ID: 47d10874 @ Thu Jun  4 01:07:17 UTC 2026
// 重构日志: 9c4527dd
// 重构日志: d07fe435
// 同步 ID: b5dee077 @ Sun Jun  7 15:47:18 UTC 2026
// 重构日志: b40d9939
// 重构日志: 100039d2
// 重构日志: 5689aaf7
// 重构日志: 06b5f4f3
// 同步 ID: 00746cb6 @ Fri Jun 19 13:27:53 UTC 2026
// 重构日志: 79a8f33b
// 重构日志: 96700d8e
// 重构日志: 6e0c3c9b
// 重构日志: a5b85eb7
// 重构日志: 43ad3997
// 同步 ID: de4a1667 @ Sun Jun 28 13:04:00 UTC 2026
